execve("./hello", ["./hello"], [/* 43 vars */]) = 0
brk(NULL)                               = 0x19b3000
uname({sysname="Linux", nodename="raspberrypi", ...}) = 0
access("/etc/ld.so.nohwcap", F_OK)      = -1 ENOENT (No such file or directory)
mmap2(NULL, 12288, PROT_READ|PROT_WRITE, MAP_PRIVATE|MAP_ANONYMOUS, -1, 0) = 0x76fa3000
access("/etc/ld.so.preload", R_OK)      = 0
open("/etc/ld.so.preload", O_RDONLY|O_CLOEXEC) = 3
fstat64(3, {st_mode=S_IFREG|0644, st_size=42, ...}) = 0
mmap2(NULL, 42, PROT_READ|PROT_WRITE, MAP_PRIVATE, 3, 0) = 0x76fa2000
close(3)                                = 0
open("/usr/lib/arm-linux-gnueabihf/libarmmem.so", O_RDONLY|O_CLOEXEC) = 3
read(3, "\177ELF\1\1\1\0\0\0\0\0\0\0\0\0\3\0(\0\1\0\0\0\210\5\0\0004\0\0\0"..., 512) = 512
lseek(3, 20868, SEEK_SET)               = 20868
read(3, "\0\0\0\0\0\0\0\0\0\0\0\0\0\0\0\0\0\0\0\0\0\0\0\0\0\0\0\0\0\0\0\0"..., 1000) = 1000
lseek(3, 20540, SEEK_SET)               = 20540
read(3, "A,\0\0\0aeabi\0\1\"\0\0\0\0056\0\6\6\10\1\t\1\n\3\f\1\22\4\24"..., 45) = 45
fstat64(3, {st_mode=S_IFREG|0644, st_size=21868, ...}) = 0
mmap2(NULL, 86080, PROT_READ|PROT_EXEC, MAP_PRIVATE|MAP_DENYWRITE, 3, 0) = 0x76f60000
mprotect(0x76f65000, 61440, PROT_NONE)  = 0
mmap2(0x76f74000, 8192, PROT_READ|PROT_WRITE, MAP_PRIVATE|MAP_FIXED|MAP_DENYWRITE, 3, 0x4000) = 0x76f74000
close(3)                                = 0
munmap(0x76fa2000, 42)                  = 0
open("/etc/ld.so.cache", O_RDONLY|O_CLOEXEC) = 3
fstat64(3, {st_mode=S_IFREG|0644, st_size=63985, ...}) = 0
mmap2(NULL, 63985, PROT_READ, MAP_PRIVATE, 3, 0) = 0x76f50000
close(3)                                = 0
access("/etc/ld.so.nohwcap", F_OK)      = -1 ENOENT (No such file or directory)
open("/lib/arm-linux-gnueabihf/libc.so.6", O_RDONLY|O_CLOEXEC) = 3
read(3, "\177ELF\1\1\1\0\0\0\0\0\0\0\0\0\3\0(\0\1\0\0\0@h\1\0004\0\0\0"..., 512) = 512
lseek(3, 1231820, SEEK_SET)             = 1231820
read(3, "\0\0\0\0\0\0\0\0\0\0\0\0\0\0\0\0\0\0\0\0\0\0\0\0\0\0\0\0\0\0\0\0"..., 2880) = 2880
lseek(3, 1228284, SEEK_SET)             = 1228284
read(3, "A.\0\0\0aeabi\0\1$\0\0\0\0056\0\6\6\10\1\t\1\n\2\22\4\23\1\24"..., 47) = 47
fstat64(3, {st_mode=S_IFREG|0755, st_size=1234700, ...}) = 0
mmap2(NULL, 1303872, PROT_READ|PROT_EXEC, MAP_PRIVATE|MAP_DENYWRITE, 3, 0) = 0x76e11000
mprotect(0x76f3a000, 65536, PROT_NONE)  = 0
mmap2(0x76f4a000, 12288, PROT_READ|PROT_WRITE, MAP_PRIVATE|MAP_FIXED|MAP_DENYWRITE, 3, 0x129000) = 0x76f4a000
mmap2(0x76f4d000, 9536, PROT_READ|PROT_WRITE, MAP_PRIVATE|MAP_FIXED|MAP_ANONYMOUS, -1, 0) = 0x76f4d000
close(3)                                = 0
mmap2(NULL, 8192, PROT_READ|PROT_WRITE, MAP_PRIVATE|MAP_ANONYMOUS, -1, 0) = 0x76fa1000
set_tls(0x76fa14c0, 0x76fa1b98, 0x76fa7050, 0x76fa14c0, 0x76fa7050) = 0
mprotect(0x76f4a000, 8192, PROT_READ)   = 0
mprotect(0x76f60000, 20480, PROT_READ|PROT_WRITE) = 0
mprotect(0x76f60000, 20480, PROT_READ|PROT_EXEC) = 0
cacheflush(0x76f60000, 0x76f65000, 0, 0x15, 0) = 0
mprotect(0x76f74000, 4096, PROT_READ)   = 0
mprotect(0x20000, 4096, PROT_READ)      = 0
mprotect(0x76fa6000, 4096, PROT_READ)   = 0
munmap(0x76f50000, 63985)               = 0
fstat64(1, {st_mode=S_IFCHR|0620, st_rdev=makedev(136, 0), ...}) = 0
brk(NULL)                               = 0x19b3000
brk(0x19d4000)                          = 0x19d4000
write(1, "hello world\n", 12)           = 12
exit_group(0)                           = ?
+++ exited with 0 +++
